<?xml version="1.0" encoding="utf-8"?>
<coverage line-rate="0.8737999999999999" branch-rate="0.7976000000000001" version="1.9" timestamp="1787941776" lines-covered="741" lines-valid="848" branches-covered="268" branches-valid="336">
  <sources>
    <source>C:/work/OpenCode/StreamFrame/src/</source>
  </sources>
  <packages>
    <package name="StreamFrame" line-rate="0.8798999999999999" branch-rate="0.7981" complexity="422">
      <classes>
        <class name="StreamFrame.BufferWriterStream" filename="StreamFrame/Codec/BufferWriterStream.cs" line-rate="0.5714" branch-rate="0.75" complexity="16">
          <methods>
            <method name="get_CanRead" signature="()" line-rate="0" branch-rate="1" complexity="1">
              <lines>
                <line number="18" hits="0" branch="False" />
              </lines>
            </method>
            <method name="get_CanSeek" signature="()" line-rate="1" branch-rate="1" complexity="1">
              <lines>
                <line number="20" hits="1" branch="False" />
              </lines>
            </method>
            <method name="get_CanWrite" signature="()" line-rate="0" branch-rate="1" complexity="1">
              <lines>
                <line number="22" hits="0" branch="False" />
              </lines>
            </method>
            <method name="get_Length" signature="()" line-rate="0" branch-rate="1" complexity="1">
              <lines>
                <line number="24" hits="0" branch="False" />
              </lines>
            </method>
            <method name="get_Position" signature="()" line-rate="0" branch-rate="1" complexity="1">
              <lines>
                <line number="28" hits="0" branch="False" />
              </lines>
            </method>
            <method name="set_Position" signature="(System.Int64)" line-rate="0" branch-rate="1" complexity="1">
              <lines>
                <line number="29" hits="0" branch="False" />
              </lines>
            </method>
            <method name="Flush" signature="()" line-rate="1" branch-rate="1" complexity="1">
              <lines>
                <line number="33" hits="3" branch="False" />
              </lines>
            </method>
            <method name="Read" signature="(System.Byte[],System.Int32,System.Int32)" line-rate="0" branch-rate="1" complexity="1">
              <lines>
                <line number="37" hits="0" branch="False" />
              </lines>
            </method>
            <method name="Seek" signature="(System.Int64,System.IO.SeekOrigin)" line-rate="0" branch-rate="1" complexity="1">
              <lines>
                <line number="41" hits="0" branch="False" />
              </lines>
            </method>
            <method name="SetLength" signature="(System.Int64)" line-rate="0" branch-rate="1" complexity="1">
              <lines>
                <line number="45" hits="0" branch="False" />
              </lines>
            </method>
            <method name="Write" signature="(System.Byte[],System.Int32,System.Int32)" line-rate="1" branch-rate="1" complexity="1">
              <lines>
                <line number="49" hits="1" branch="False" />
              </lines>
            </method>
            <method name="Write" signature="(System.ReadOnlySpan`1&lt;System.Byte&gt;)" line-rate="0" branch-rate="1" complexity="1">
              <lines>
                <line number="55" hits="0" branch="False" />
              </lines>
            </method>
            <method name="WriteCore" signature="(System.ReadOnlySpan`1&lt;System.Byte&gt;)" line-rate="1" branch-rate="1" complexity="2">
              <lines>
                <line number="60" hits="2" branch="True" condition-coverage="100% (2/2)">
                  <conditions>
                    <condition number="88" type="jump" coverage="100%" />
                  </conditions>
                </line>
                <line number="62" hits="1" branch="False" />
                <line number="63" hits="1" branch="False" />
                <line number="64" hits="1" branch="False" />
                <line number="65" hits="1" branch="False" />
                <line number="66" hits="1" branch="False" />
                <line number="68" hits="1" branch="False" />
              </lines>
            </method>
            <method name=".ctor" signature="(System.Buffers.IBufferWriter`1&lt;System.Byte&gt;)" line-rate="1" branch-rate="0.5" complexity="2">
              <lines>
                <line number="14" hits="1" branch="False" />
                <line number="15" hits="1" branch="True" condition-coverage="50% (1/2)">
                  <conditions>
                    <condition number="9" type="jump" coverage="50%" />
                  </conditions>
                </line>
              </lines>
            </method>
          </methods>
          <lines>
            <line number="18" hits="0" branch="False" />
            <line number="20" hits="1" branch="False" />
            <line number="22" hits="0" branch="False" />
            <line number="24" hits="0" branch="False" />
            <line number="28" hits="0" branch="False" />
            <line number="29" hits="0" branch="False" />
            <line number="33" hits="3" branch="False" />
            <line number="37" hits="0" branch="False" />
            <line number="41" hits="0" branch="False" />
            <line number="45" hits="0" branch="False" />
            <line number="49" hits="1" branch="False" />
            <line number="55" hits="0" branch="False" />
            <line number="60" hits="2" branch="True" condition-coverage="100% (2/2)">
              <conditions>
                <condition number="88" type="jump" coverage="100%" />
              </conditions>
            </line>
            <line number="62" hits="1" branch="False" />
            <line number="63" hits="1" branch="False" />
            <line number="64" hits="1" branch="False" />
            <line number="65" hits="1" branch="False" />
            <line number="66" hits="1" branch="False" />
            <line number="68" hits="1" branch="False" />
            <line number="14" hits="1" branch="False" />
            <line number="15" hits="1" branch="True" condition-coverage="50% (1/2)">
              <conditions>
                <condition number="9" type="jump" coverage="50%" />
              </conditions>
            </line>
          </lines>
        </class>
        <class name="StreamFrame.PooledBufferWriter" filename="StreamFrame/Codec/PooledBufferWriter.cs" line-rate="0.88" branch-rate="0.6666" complexity="13">
          <methods>
            <method name="get_WrittenMemory" signature="()" line-rate="1" branch-rate="1" complexity="1">
              <lines>
                <line number="17" hits="24" branch="False" />
              </lines>
            </method>
            <method name="get_WrittenSpan" signature="()" line-rate="1" branch-rate="1" complexity="1">
              <lines>
                <line number="18" hits="24" branch="False" />
              </lines>
            </method>
            <method name="get_WrittenCount" signature="()" line-rate="1" branch-rate="1" complexity="1">
              <lines>
                <line number="19" hits="24" branch="False" />
              </lines>
            </method>
            <method name="Advance" signature="(System.Int32)" line-rate="0.75" branch-rate="0.5" complexity="4">
              <lines>
                <line number="23" hits="49" branch="True" condition-coverage="50% (2/4)">
                  <conditions>
                    <condition number="2" type="jump" coverage="50%" />
                    <condition number="20" type="jump" coverage="50%" />
                  </conditions>
                </line>
                <line number="24" hits="0" branch="False" />
                <line number="25" hits="49" branch="False" />
                <line number="26" hits="49" branch="False" />
              </lines>
            </method>
            <method name="GetMemory" signature="(System.Int32)" line-rate="0" branch-rate="1" complexity="1">
              <lines>
                <line number="30" hits="0" branch="False" />
                <line number="31" hits="0" branch="False" />
              </lines>
            </method>
            <method name="GetSpan" signature="(System.Int32)" line-rate="1" branch-rate="1" complexity="1">
              <lines>
                <line number="36" hits="49" branch="False" />
                <line number="37" hits="49" branch="False" />
              </lines>
            </method>
            <method name="EnsureCapacity" signature="(System.Int32)" line-rate="1" branch-rate="1" complexity="2">
              <lines>
                <line number="44" hits="49" branch="False" />
                <line number="45" hits="49" branch="True" condition-coverage="100% (2/2)">
                  <conditions>
                    <condition number="24" type="jump" coverage="100%" />
                  </conditions>
                </line>
                <line number="46" hits="48" branch="False" />
                <line number="48" hits="1" branch="False" />
                <line number="49" hits="1" branch="False" />
                <line number="50" hits="1" branch="False" />
                <line number="51" hits="1" branch="False" />
                <line number="52" hits="1" branch="False" />
                <line number="53" hits="1" branch="False" />
              </lines>
            </method>
            <method name="Dispose" signature="()" line-rate="1" branch-rate="1" complexity="1">
              <lines>
                <line number="57" hits="24" branch="False" />
                <line number="58" hits="24" branch="False" />
                <line number="59" hits="24" branch="False" />
              </lines>
            </method>
            <method name=".ctor" signature="(System.Int32)" line-rate="1" branch-rate="1" complexity="1">
              <lines>
                <line number="14" hits="24" branch="False" />
                <line number="15" hits="24" branch="False" />
              </lines>
            </method>
          </methods>
          <lines>
            <line number="17" hits="24" branch="False" />
            <line number="18" hits="24" branch="False" />
            <line number="19" hits="24" branch="False" />
            <line number="23" hits="49" branch="True" condition-coverage="50% (2/4)">
              <conditions>
                <condition number="2" type="jump" coverage="50%" />
                <condition number="20" type="jump" coverage="50%" />
              </conditions>
            </line>
            <line number="24" hits="0" branch="False" />
            <line number="25" hits="49" branch="False" />
            <line number="26" hits="49" branch="False" />
            <line number="30" hits="0" branch="False" />
            <line number="31" hits="0" branch="False" />
            <line number="36" hits="49" branch="False" />
            <line number="37" hits="49" branch="False" />
            <line number="44" hits="49" branch="False" />
            <line number="45" hits="49" branch="True" condition-coverage="100% (2/2)">
              <conditions>
                <condition number="24" type="jump" coverage="100%" />
              </conditions>
            </line>
            <line number="46" hits="48" branch="False" />
            <line number="48" hits="1" branch="False" />
            <line number="49" hits="1" branch="False" />
            <line number="50" hits="1" branch="False" />
            <line number="51" hits="1" branch="False" />
            <line number="52" hits="1" branch="False" />
            <line number="53" hits="1" branch="False" />
            <line number="57" hits="24" branch="False" />
            <line number="58" hits="24" branch="False" />
            <line number="59" hits="24" branch="False" />
            <line number="14" hits="24" branch="False" />
            <line number="15" hits="24" branch="False" />
          </lines>
        </class>
        <class name="StreamFrame.FrameDecoder`1" filename="StreamFrame/Connection/FrameDecoder.cs" line-rate="0.9687" branch-rate="0.6666" complexity="8">
          <methods>
            <method name="TimeoutFault" signature="(System.Int64,System.ReadOnlyMemory`1&lt;System.Byte&gt;)" line-rate="1" branch-rate="1" complexity="1">
              <lines>
                <line number="170" hits="6" branch="False" />
                <line number="171" hits="6" branch="False" />
                <line number="172" hits="6" branch="False" />
              </lines>
            </method>
            <method name="TryDecodeFrame" signature="(System.Buffers.ReadOnlySequence`1&lt;System.Byte&gt;&amp;,System.Buffers.ReadOnlySequence`1&lt;System.Byte&gt;&amp;)" line-rate="0.8332999999999999" branch-rate="0.75" complexity="4">
              <lines>
                <line number="178" hits="151" branch="True" condition-coverage="50% (1/2)">
                  <conditions>
                    <condition number="13" type="jump" coverage="50%" />
                  </conditions>
                </line>
                <line number="180" hits="151" branch="False" />
                <line number="181" hits="151" branch="True" condition-coverage="100% (2/2)">
                  <conditions>
                    <condition number="32" type="jump" coverage="100%" />
                  </conditions>
                </line>
                <line number="182" hits="2" branch="False" />
                <line number="183" hits="151" branch="False" />
                <line number="186" hits="0" branch="False" />
              </lines>
            </method>
            <method name="RaiseFrameError" signature="(StreamFrame.FrameErrorEventArgs)" line-rate="1" branch-rate="0.5" complexity="2">
              <lines>
                <line number="190" hits="14" branch="True" condition-coverage="50% (1/2)">
                  <conditions>
                    <condition number="7" type="jump" coverage="50%" />
                  </conditions>
                </line>
              </lines>
            </method>
            <method name=".ctor" signature="(System.IO.Pipelines.PipeReader,StreamFrame.IFramer,StreamFrame.ICodec`1&lt;TMessage&gt;,System.Threading.Channels.Channel`1&lt;StreamFrame.SessionMessage`1&lt;TMessage&gt;&gt;,StreamFrame.ConnectionMetrics,System.Int64,System.Int32,System.Int32,StreamFrame.DecodeErrorPolicy,System.Action`1&lt;StreamFrame.FrameErrorEventArgs&gt;)" line-rate="1" branch-rate="1" complexity="1">
              <lines>
                <line number="37" hits="80" branch="False" />
                <line number="38" hits="80" branch="False" />
                <line number="39" hits="80" branch="False" />
                <line number="40" hits="80" branch="False" />
                <line number="41" hits="80" branch="False" />
                <line number="42" hits="80" branch="False" />
                <line number="43" hits="80" branch="False" />
                <line number="44" hits="80" branch="False" />
                <line number="45" hits="80" branch="False" />
                <line number="46" hits="80" branch="False" />
                <line number="47" hits="80" branch="False" />
                <line number="49" hits="80" branch="False" />
                <line number="50" hits="80" branch="False" />
                <line number="51" hits="80" branch="False" />
                <line number="52" hits="80" branch="False" />
                <line number="53" hits="80" branch="False" />
                <line number="54" hits="80" branch="False" />
                <line number="55" hits="80" branch="False" />
                <line number="56" hits="80" branch="False" />
                <line number="57" hits="80" branch="False" />
                <line number="58" hits="80" branch="False" />
                <line number="59" hits="80" branch="False" />
              </lines>
            </method>
          </methods>
          <lines>
            <line number="170" hits="6" branch="False" />
            <line number="171" hits="6" branch="False" />
            <line number="172" hits="6" branch="False" />
            <line number="178" hits="151" branch="True" condition-coverage="50% (1/2)">
              <conditions>
                <condition number="13" type="jump" coverage="50%" />
              </conditions>
            </line>
            <line number="180" hits="151" branch="False" />
            <line number="181" hits="151" branch="True" condition-coverage="100% (2/2)">
              <conditions>
                <condition number="32" type="jump" coverage="100%" />
              </conditions>
            </line>
            <line number="182" hits="2" branch="False" />
            <line number="183" hits="151" branch="False" />
            <line number="186" hits="0" branch="False" />
            <line number="190" hits="14" branch="True" condition-coverage="50% (1/2)">
              <conditions>
                <condition number="7" type="jump" coverage="50%" />
              </conditions>
            </line>
            <line number="37" hits="80" branch="False" />
            <line number="38" hits="80" branch="False" />
            <line number="39" hits="80" branch="False" />
            <line number="40" hits="80" branch="False" />
            <line number="41" hits="80" branch="False" />
            <line number="42" hits="80" branch="False" />
            <line number="43" hits="80" branch="False" />
            <line number="44" hits="80" branch="False" />
            <line number="45" hits="80" branch="False" />
            <line number="46" hits="80" branch="False" />
            <line number="47" hits="80" branch="False" />
            <line number="49" hits="80" branch="False" />
            <line number="50" hits="80" branch="False" />
            <line number="51" hits="80" branch="False" />
            <line number="52" hits="80" branch="False" />
            <line number="53" hits="80" branch="False" />
            <line number="54" hits="80" branch="False" />
            <line number="55" hits="80" branch="False" />
            <line number="56" hits="80" branch="False" />
            <line number="57" hits="80" branch="False" />
            <line number="58" hits="80" branch="False" />
            <line number="59" hits="80" branch="False" />
          </lines>
        </class>
        <class name="StreamFrame.FrameDecoder`1/&lt;RunAsync&gt;d__12" filename="StreamFrame/Connection/FrameDecoder.cs" line-rate="0.9111" branch-rate="0.875" complexity="24">
          <methods>
            <method name="MoveNext" signature="()" line-rate="0.9111" branch-rate="0.875" complexity="24">
              <lines>
                <line number="65" hits="80" branch="False" />
                <line number="66" hits="80" branch="False" />
                <line number="70" hits="35" branch="False" />
                <line number="73" hits="115" branch="True" condition-coverage="100% (4/4)">
                  <conditions>
                    <condition number="85" type="jump" coverage="100%" />
                    <condition number="97" type="jump" coverage="100%" />
                  </conditions>
                </line>
                <line number="77" hits="9" branch="False" />
                <line number="80" hits="9" branch="False" />
                <line number="81" hits="3" branch="False" />
                <line number="82" hits="6" branch="False" />
                <line number="84" hits="6" branch="False" />
                <line number="86" hits="3" branch="False" />
                <line number="89" hits="106" branch="False" />
                <line number="92" hits="109" branch="False" />
                <line number="95" hits="151" branch="True" condition-coverage="100% (2/2)">
                  <conditions>
                    <condition number="498" type="jump" coverage="100%" />
                  </conditions>
                </line>
                <line number="100" hits="44" branch="False" />
                <line number="101" hits="40" branch="False" />
                <line number="102" hits="4" branch="False" />
                <line number="104" hits="4" branch="False" />
                <line number="105" hits="4" branch="True" condition-coverage="100% (2/2)">
                  <conditions>
                    <condition number="559" type="jump" coverage="100%" />
                  </conditions>
                </line>
                <line number="106" hits="2" branch="False" />
                <line number="108" hits="2" branch="False" />
                <line number="113" hits="40" branch="False" />
                <line number="114" hits="40" branch="False" />
                <line number="115" hits="40" branch="False" />
                <line number="116" hits="40" branch="False" />
                <line number="117" hits="0" branch="False" />
                <line number="119" hits="0" branch="False" />
                <line number="123" hits="107" branch="True" condition-coverage="100% (2/2)">
                  <conditions>
                    <condition number="769" type="jump" coverage="100%" />
                  </conditions>
                </line>
                <line number="126" hits="2" branch="False" />
                <line number="127" hits="2" branch="False" />
                <line number="128" hits="2" branch="False" />
                <line number="129" hits="2" branch="False" />
                <line number="134" hits="105" branch="True" condition-coverage="100% (2/2)">
                  <conditions>
                    <condition number="938" type="jump" coverage="100%" />
                  </conditions>
                </line>
                <line number="136" hits="17" branch="False" />
                <line number="137" hits="17" branch="True" condition-coverage="100% (2/2)">
                  <conditions>
                    <condition number="969" type="jump" coverage="100%" />
                  </conditions>
                </line>
                <line number="138" hits="17" branch="False" />
                <line number="139" hits="17" branch="False" />
                <line number="142" hits="105" branch="False" />
                <line number="144" hits="105" branch="True" condition-coverage="100% (2/2)">
                  <conditions>
                    <condition number="1076" type="jump" coverage="100%" />
                  </conditions>
                </line>
                <line number="147" hits="57" branch="True" condition-coverage="100% (2/2)">
                  <conditions>
                    <condition number="1089" type="jump" coverage="100%" />
                  </conditions>
                </line>
                <line number="150" hits="22" branch="True" condition-coverage="50% (1/2)">
                  <conditions>
                    <condition number="1102" type="jump" coverage="50%" />
                  </conditions>
                </line>
                <line number="155" hits="0" branch="True" condition-coverage="50% (2/4)">
                  <conditions>
                    <condition number="1112" type="jump" coverage="50%" />
                    <condition number="1121" type="jump" coverage="50%" />
                  </conditions>
                </line>
                <line number="156" hits="0" branch="False" />
                <line number="158" hits="35" branch="False" />
                <line number="163" hits="80" branch="False" />
                <line number="165" hits="70" branch="False" />
              </lines>
            </method>
          </methods>
          <lines>
            <line number="65" hits="80" branch="False" />
            <line number="66" hits="80" branch="False" />
            <line number="70" hits="35" branch="False" />
            <line number="73" hits="115" branch="True" condition-coverage="100% (4/4)">
              <conditions>
                <condition number="85" type="jump" coverage="100%" />
                <condition number="97" type="jump" coverage="100%" />
              </conditions>
            </line>
            <line number="77" hits="9" branch="False" />
            <line number="80" hits="9" branch="False" />
            <line number="81" hits="3" branch="False" />
            <line number="82" hits="6" branch="False" />
            <line number="84" hits="6" branch="False" />
            <line number="86" hits="3" branch="False" />
            <line number="89" hits="106" branch="False" />
            <line number="92" hits="109" branch="False" />
            <line number="95" hits="151" branch="True" condition-coverage="100% (2/2)">
              <conditions>
                <condition number="498" type="jump" coverage="100%" />
              </conditions>
            </line>
            <line number="100" hits="44" branch="False" />
            <line number="101" hits="40" branch="False" />
            <line number="102" hits="4" branch="False" />
            <line number="104" hits="4" branch="False" />
            <line number="105" hits="4" branch="True" condition-coverage="100% (2/2)">
              <conditions>
                <condition number="559" type="jump" coverage="100%" />
              </conditions>
            </line>
            <line number="106" hits="2" branch="False" />
            <line number="108" hits="2" branch="False" />
            <line number="113" hits="40" branch="False" />
            <line number="114" hits="40" branch="False" />
            <line number="115" hits="40" branch="False" />
            <line number="116" hits="40" branch="False" />
            <line number="117" hits="0" branch="False" />
            <line number="119" hits="0" branch="False" />
            <line number="123" hits="107" branch="True" condition-coverage="100% (2/2)">
              <conditions>
                <condition number="769" type="jump" coverage="100%" />
              </conditions>
            </line>
            <line number="126" hits="2" branch="False" />
            <line number="127" hits="2" branch="False" />
            <line number="128" hits="2" branch="False" />
            <line number="129" hits="2" branch="False" />
            <line number="134" hits="105" branch="True" condition-coverage="100% (2/2)">
              <conditions>
                <condition number="938" type="jump" coverage="100%" />
              </conditions>
            </line>
            <line number="136" hits="17" branch="False" />
            <line number="137" hits="17" branch="True" condition-coverage="100% (2/2)">
              <conditions>
                <condition number="969" type="jump" coverage="100%" />
              </conditions>
            </line>
            <line number="138" hits="17" branch="False" />
            <line number="139" hits="17" branch="False" />
            <line number="142" hits="105" branch="False" />
            <line number="144" hits="105" branch="True" condition-coverage="100% (2/2)">
              <conditions>
                <condition number="1076" type="jump" coverage="100%" />
              </conditions>
            </line>
            <line number="147" hits="57" branch="True" condition-coverage="100% (2/2)">
              <conditions>
                <condition number="1089" type="jump" coverage="100%" />
              </conditions>
            </line>
            <line number="150" hits="22" branch="True" condition-coverage="50% (1/2)">
              <conditions>
                <condition number="1102" type="jump" coverage="50%" />
              </conditions>
            </line>
            <line number="155" hits="0" branch="True" condition-coverage="50% (2/4)">
              <conditions>
                <condition number="1112" type="jump" coverage="50%" />
                <condition number="1121" type="jump" coverage="50%" />
              </conditions>
            </line>
            <line number="156" hits="0" branch="False" />
            <line number="158" hits="35" branch="False" />
            <line number="163" hits="80" branch="False" />
            <line number="165" hits="70" branch="False" />
          </lines>
        </class>
        <class name="StreamFrame.RetryDelayScheduler" filename="StreamFrame/Connection/RetryDelayScheduler.cs" line-rate="1" branch-rate="1" complexity="8">
          <methods>
            <method name="get_Enabled" signature="()" line-rate="1" branch-rate="1" complexity="1">
              <lines>
                <line number="24" hits="42" branch="False" />
              </lines>
            </method>
            <method name="get_Attempt" signature="()" line-rate="1" branch-rate="1" complexity="1">
              <lines>
                <line number="27" hits="3" branch="False" />
              </lines>
            </method>
            <method name="NextDelayMs" signature="()" line-rate="1" branch-rate="1" complexity="4">
              <lines>
                <line number="35" hits="20" branch="True" condition-coverage="100% (2/2)">
                  <conditions>
                    <condition number="6" type="jump" coverage="100%" />
                  </conditions>
                </line>
                <line number="36" hits="20" branch="False" />
                <line number="37" hits="20" branch="False" />
                <line number="38" hits="20" branch="False" />
                <line number="40" hits="20" branch="False" />
                <line number="41" hits="20" branch="True" condition-coverage="100% (2/2)">
                  <conditions>
                    <condition number="86" type="jump" coverage="100%" />
                  </conditions>
                </line>
                <line number="42" hits="10" branch="False" />
                <line number="44" hits="10" branch="False" />
                <line number="45" hits="10" branch="False" />
              </lines>
            </method>
            <method name="Reset" signature="()" line-rate="1" branch-rate="1" complexity="1">
              <lines>
                <line number="50" hits="72" branch="False" />
              </lines>
            </method>
            <method name=".ctor" signature="(System.Int32,System.Int32)" line-rate="1" branch-rate="1" complexity="1">
              <lines>
                <line number="14" hits="53" branch="False" />
                <line number="17" hits="53" branch="False" />
                <line number="19" hits="53" branch="False" />
                <line number="20" hits="53" branch="False" />
                <line number="21" hits="53" branch="False" />
              </lines>
            </method>
          </methods>
          <lines>
            <line number="24" hits="42" branch="False" />
            <line number="27" hits="3" branch="False" />
            <line number="35" hits="20" branch="True" condition-coverage="100% (2/2)">
              <conditions>
                <condition number="6" type="jump" coverage="100%" />
              </conditions>
            </line>
            <line number="36" hits="20" branch="False" />
            <line number="37" hits="20" branch="False" />
            <line number="38" hits="20" branch="False" />
            <line number="40" hits="20" branch="False" />
            <line number="41" hits="20" branch="True" condition-coverage="100% (2/2)">
              <conditions>
                <condition number="86" type="jump" coverage="100%" />
              </conditions>
            </line>
            <line number="42" hits="10" branch="False" />
            <line number="44" hits="10" branch="False" />
            <line number="45" hits="10" branch="False" />
            <line number="50" hits="72" branch="False" />
            <line number="14" hits="53" branch="False" />
            <line number="17" hits="53" branch="False" />
            <line number="19" hits="53" branch="False" />
            <line number="20" hits="53" branch="False" />
            <line number="21" hits="53" branch="False" />
          </lines>
        </class>
        <class name="StreamFrame.SessionFaultException" filename="StreamFrame/Connection/SessionFaultException.cs" line-rate="1" branch-rate="1" complexity="1">
          <methods>
            <method name=".ctor" signature="(System.String,System.Exception)" line-rate="1" branch-rate="1" complexity="1">
              <lines>
                <line number="10" hits="11" branch="False" />
                <line number="12" hits="11" branch="False" />
              </lines>
            </method>
          </methods>
          <lines>
            <line number="10" hits="11" branch="False" />
            <line number="12" hits="11" branch="False" />
          </lines>
        </class>
        <class name="StreamFrame.StreamConnection`1" filename="StreamFrame/Connection/StreamConnection.cs" line-rate="0.8597" branch-rate="0.7983" complexity="139">
          <methods>
            <method name="get_RawBytesReceived" signature="()" line-rate="1" branch-rate="1" complexity="1">
              <lines>
                <line number="40" hits="36" branch="False" />
              </lines>
            </method>
            <method name="get_RawBytesSent" signature="()" line-rate="1" branch-rate="1" complexity="1">
              <lines>
                <line number="42" hits="10" branch="False" />
              </lines>
            </method>
            <method name="get_State" signature="()" line-rate="1" branch-rate="1" complexity="1">
              <lines>
                <line number="45" hits="927" branch="False" />
              </lines>
            </method>
            <method name="get_IsActive" signature="()" line-rate="1" branch-rate="1" complexity="1">
              <lines>
                <line number="47" hits="93" branch="False" />
              </lines>
            </method>
            <method name="get_IpAddress" signature="()" line-rate="1" branch-rate="1" complexity="1">
              <lines>
                <line number="49" hits="150" branch="False" />
              </lines>
            </method>
            <method name="get_Port" signature="()" line-rate="1" branch-rate="1" complexity="1">
              <lines>
                <line number="51" hits="140" branch="False" />
              </lines>
            </method>
            <method name="get_RemoteIpAddress" signature="()" line-rate="1" branch-rate="1" complexity="6">
              <lines>
                <line number="56" hits="3" branch="True" condition-coverage="100% (6/6)">
                  <conditions>
                    <condition number="6" type="jump" coverage="100%" />
                    <condition number="15" type="jump" coverage="100%" />
                    <condition number="32" type="jump" coverage="100%" />
                  </conditions>
                </line>
                <line number="57" hits="3" branch="False" />
                <line number="58" hits="3" branch="False" />
              </lines>
            </method>
            <method name="FormatRemoteAddress" signature="(System.Net.IPAddress)" line-rate="1" branch-rate="0.75" complexity="4">
              <lines>
                <line number="61" hits="2" branch="True" condition-coverage="75% (3/4)">
                  <conditions>
                    <condition number="1" type="jump" coverage="100%" />
                    <condition number="9" type="jump" coverage="50%" />
                  </conditions>
                </line>
                <line number="62" hits="2" branch="False" />
                <line number="63" hits="2" branch="False" />
              </lines>
            </method>
            <method name="get_CurrentSessionId" signature="()" line-rate="1" branch-rate="1" complexity="1">
              <lines>
                <line number="89" hits="89" branch="False" />
              </lines>
            </method>
            <method name="get_IsDisposed" signature="()" line-rate="1" branch-rate="1" complexity="1">
              <lines>
                <line number="185" hits="336" branch="False" />
              </lines>
            </method>
            <method name="ThrowIfDisposed" signature="()" line-rate="0.6666" branch-rate="0.5" complexity="2">
              <lines>
                <line number="189" hits="139" branch="True" condition-coverage="50% (1/2)">
                  <conditions>
                    <condition number="6" type="jump" coverage="50%" />
                  </conditions>
                </line>
                <line number="190" hits="0" branch="False" />
                <line number="191" hits="139" branch="False" />
              </lines>
            </method>
            <method name="Start" signature="(System.Threading.CancellationToken)" line-rate="1" branch-rate="1" complexity="4">
              <lines>
                <line number="196" hits="50" branch="False" />
                <line number="199" hits="50" branch="True" condition-coverage="100% (2/2)">
                  <conditions>
                    <condition number="18" type="jump" coverage="100%" />
                  </conditions>
                </line>
                <line number="200" hits="1" branch="False" />
                <line number="203" hits="49" branch="False" />
                <line number="204" hits="49" branch="True" condition-coverage="100% (2/2)">
                  <conditions>
                    <condition number="64" type="jump" coverage="100%" />
                  </conditions>
                </line>
                <line number="205" hits="50" branch="False" />
                <line number="207" hits="49" branch="False" />
                <line number="208" hits="49" branch="False" />
              </lines>
            </method>
            <method name="StartCore" signature="(System.Threading.CancellationToken)" line-rate="1" branch-rate="1" complexity="1">
              <lines>
                <line number="212" hits="93" branch="False" />
              </lines>
            </method>
            <method name="CreateTcpSocket" signature="()" line-rate="1" branch-rate="1" complexity="1">
              <lines>
                <line number="247" hits="81" branch="False" />
                <line number="248" hits="81" branch="False" />
                <line number="249" hits="81" branch="False" />
              </lines>
            </method>
            <method name="NormalizeListenAddress" signature="(System.Net.IPAddress)" line-rate="1" branch-rate="1" complexity="2">
              <lines>
                <line number="254" hits="81" branch="True" condition-coverage="100% (2/2)">
                  <conditions>
                    <condition number="11" type="jump" coverage="100%" />
                  </conditions>
                </line>
              </lines>
            </method>
            <method name="InitServer" signature="()" line-rate="0.75" branch-rate="0.5" complexity="2">
              <lines>
                <line number="332" hits="81" branch="True" condition-coverage="50% (1/2)">
                  <conditions>
                    <condition number="6" type="jump" coverage="50%" />
                  </conditions>
                </line>
                <line number="334" hits="0" branch="False" />
                <line number="335" hits="0" branch="False" />
                <line number="338" hits="81" branch="False" />
                <line number="339" hits="81" branch="False" />
                <line number="340" hits="81" branch="False" />
                <line number="341" hits="80" branch="False" />
                <line number="342" hits="80" branch="False" />
              </lines>
            </method>
            <method name="ConfigureSocket" signature="(System.Net.Sockets.Socket)" line-rate="0.5" branch-rate="0.5" complexity="2">
              <lines>
                <line number="347" hits="71" branch="False" />
                <line number="348" hits="71" branch="False" />
                <line number="350" hits="71" branch="True" condition-coverage="50% (1/2)">
                  <conditions>
                    <condition number="35" type="jump" coverage="50%" />
                  </conditions>
                </line>
                <line number="351" hits="71" branch="False" />
                <line number="353" hits="0" branch="False" />
                <line number="372" hits="0" branch="False" />
                <line number="373" hits="0" branch="False" />
                <line number="375" hits="0" branch="False" />
              </lines>
            </method>
            <method name="Reconnect" signature="()" line-rate="0.8" branch-rate="0.5" complexity="2">
              <lines>
                <line number="381" hits="10" branch="False" />
                <line number="382" hits="10" branch="True" condition-coverage="50% (1/2)">
                  <conditions>
                    <condition number="12" type="jump" coverage="50%" />
                  </conditions>
                </line>
                <line number="383" hits="0" branch="False" />
                <line number="384" hits="10" branch="False" />
                <line number="385" hits="10" branch="False" />
              </lines>
            </method>
            <method name="ReconnectStale" signature="(System.Int32)" line-rate="1" branch-rate="1" complexity="1">
              <lines>
                <line number="393" hits="40" branch="False" />
              </lines>
            </method>
            <method name="ScheduleReconnect" signature="(System.Int32)" line-rate="0.7857" branch-rate="1" complexity="2">
              <lines>
                <line number="402" hits="58" branch="True" condition-coverage="100% (2/2)">
                  <conditions>
                    <condition number="26" type="jump" coverage="100%" />
                  </conditions>
                </line>
                <line number="403" hits="18" branch="False" />
                <line number="405" hits="40" branch="False" />
                <line number="406" hits="40" branch="False" />
                <line number="407" hits="40" branch="False" />
                <line number="408" hits="40" branch="False" />
                <line number="409" hits="40" branch="False" />
                <line number="410" hits="40" branch="False" />
                <line number="411" hits="0" branch="False" />
                <line number="412" hits="40" branch="False" />
                <line number="413" hits="0" branch="False" />
                <line number="414" hits="0" branch="False" />
                <line number="415" hits="80" branch="False" />
                <line number="416" hits="40" branch="False" />
              </lines>
            </method>
            <method name="CommunicationStateChanging" signature="(StreamFrame.ConnectionState,System.Nullable`1&lt;System.Int32&gt;)" line-rate="0.8648" branch-rate="0.9375" complexity="32">
              <lines>
                <line number="424" hits="260" branch="True" condition-coverage="100% (6/6)">
                  <conditions>
                    <condition number="2" type="jump" coverage="100%" />
                    <condition number="11" type="jump" coverage="100%" />
                    <condition number="33" type="jump" coverage="100%" />
                  </conditions>
                </line>
                <line number="425" hits="260" branch="False" />
                <line number="426" hits="3" branch="False" />
                <line number="431" hits="257" branch="True" condition-coverage="100% (2/2)">
                  <conditions>
                    <condition number="38" type="jump" coverage="100%" />
                  </conditions>
                </line>
                <line number="433" hits="71" branch="False" />
                <line number="434" hits="71" branch="False" />
                <line number="435" hits="71" branch="False" />
                <line number="437" hits="186" branch="True" condition-coverage="100% (4/4)">
                  <conditions>
                    <condition number="82" type="jump" coverage="100%" />
                    <condition number="91" type="jump" coverage="100%" />
                  </conditions>
                </line>
                <line number="439" hits="96" branch="False" />
                <line number="440" hits="96" branch="True" condition-coverage="100% (2/2)">
                  <conditions>
                    <condition number="108" type="jump" coverage="100%" />
                  </conditions>
                </line>
                <line number="441" hits="47" branch="False" />
                <line number="444" hits="257" branch="False" />
                <line number="448" hits="257" branch="True" condition-coverage="100% (2/2)">
                  <conditions>
                    <condition number="135" type="jump" coverage="100%" />
                  </conditions>
                </line>
                <line number="449" hits="257" branch="False" />
                <line number="450" hits="0" branch="False" />
                <line number="453" hits="0" branch="False" />
                <line number="454" hits="0" branch="False" />
                <line number="456" hits="257" branch="True" condition-coverage="100% (2/2)">
                  <conditions>
                    <condition number="176" type="jump" coverage="100%" />
                  </conditions>
                </line>
                <line number="459" hits="71" branch="True" condition-coverage="100% (6/6)">
                  <conditions>
                    <condition number="191" type="jump" coverage="100%" />
                    <condition number="205" type="jump" coverage="100%" />
                    <condition number="209" type="jump" coverage="100%" />
                  </conditions>
                </line>
                <line number="465" hits="71" branch="False" />
                <line number="466" hits="71" branch="False" />
                <line number="469" hits="47" branch="True" condition-coverage="100% (2/2)">
                  <conditions>
                    <condition number="247" type="jump" coverage="100%" />
                  </conditions>
                </line>
                <line number="470" hits="3" branch="False" />
                <line number="472" hits="44" branch="True" condition-coverage="50% (1/2)">
                  <conditions>
                    <condition number="263" type="jump" coverage="50%" />
                  </conditions>
                </line>
                <line number="473" hits="0" branch="False" />
                <line number="477" hits="44" branch="False" />
                <line number="479" hits="44" branch="True" condition-coverage="75% (3/4)">
                  <conditions>
                    <condition number="293" type="jump" coverage="100%" />
                    <condition number="317" type="jump" coverage="50%" />
                  </conditions>
                </line>
                <line number="480" hits="0" branch="False" />
                <line number="482" hits="44" branch="False" />
                <line number="483" hits="44" branch="False" />
                <line number="484" hits="44" branch="False" />
                <line number="485" hits="44" branch="False" />
                <line number="487" hits="44" branch="False" />
                <line number="488" hits="44" branch="False" />
                <line number="491" hits="44" branch="False" />
                <line number="492" hits="44" branch="False" />
                <line number="496" hits="44" branch="False" />
              </lines>
            </method>
            <method name="StartSession" signature="(System.Int64,System.Int32)" line-rate="0.875" branch-rate="0.75" complexity="4">
              <lines>
                <line number="500" hits="71" branch="False" />
                <line number="502" hits="71" branch="False" />
                <line number="507" hits="71" branch="True" condition-coverage="50% (1/2)">
                  <conditions>
                    <condition number="24" type="jump" coverage="50%" />
                  </conditions>
                </line>
                <line number="509" hits="0" branch="False" />
                <line number="510" hits="0" branch="False" />
                <line number="511" hits="0" branch="False" />
                <line number="514" hits="71" branch="False" />
                <line number="515" hits="71" branch="False" />
                <line number="516" hits="71" branch="False" />
                <line number="518" hits="71" branch="False" />
                <line number="519" hits="71" branch="False" />
                <line number="520" hits="71" branch="False" />
                <line number="522" hits="71" branch="True" condition-coverage="100% (2/2)">
                  <conditions>
                    <condition number="122" type="jump" coverage="100%" />
                  </conditions>
                </line>
                <line number="523" hits="71" branch="False" />
                <line number="524" hits="71" branch="False" />
                <line number="526" hits="71" branch="False" />
                <line number="527" hits="71" branch="False" />
                <line number="528" hits="71" branch="False" />
                <line number="529" hits="71" branch="False" />
                <line number="531" hits="71" branch="False" />
                <line number="532" hits="71" branch="False" />
                <line number="533" hits="71" branch="False" />
                <line number="534" hits="71" branch="False" />
                <line number="535" hits="71" branch="False" />
              </lines>
            </method>
            <method name="FaultPendingSessionSends" signature="()" line-rate="1" branch-rate="1" complexity="2">
              <lines>
                <line number="568" hits="324" branch="True" condition-coverage="100% (2/2)">
                  <conditions>
                    <condition number="103" type="jump" coverage="100%" />
                  </conditions>
                </line>
                <line number="569" hits="69" branch="False" />
                <line number="570" hits="69" branch="False" />
                <line number="571" hits="93" branch="False" />
              </lines>
            </method>
            <method name="StopSession" signature="()" line-rate="1" branch-rate="1" complexity="1">
              <lines>
                <line number="575" hits="49" branch="False" />
                <line number="577" hits="49" branch="False" />
                <line number="578" hits="49" branch="False" />
                <line number="579" hits="49" branch="False" />
              </lines>
            </method>
            <method name="StopSessionCore" signature="()" line-rate="0.8437" branch-rate="0.75" complexity="16">
              <lines>
                <line number="583" hits="164" branch="True" condition-coverage="100% (2/2)">
                  <conditions>
                    <condition number="8" type="jump" coverage="100%" />
                  </conditions>
                </line>
                <line number="584" hits="93" branch="False" />
                <line number="587" hits="71" branch="False" />
                <line number="588" hits="71" branch="True" condition-coverage="50% (1/2)">
                  <conditions>
                    <condition number="26" type="jump" coverage="50%" />
                  </conditions>
                </line>
                <line number="589" hits="71" branch="False" />
                <line number="591" hits="71" branch="False" />
                <line number="593" hits="71" branch="True" condition-coverage="50% (1/2)">
                  <conditions>
                    <condition number="66" type="jump" coverage="50%" />
                  </conditions>
                </line>
                <line number="594" hits="71" branch="False" />
                <line number="598" hits="71" branch="True" condition-coverage="50% (1/2)">
                  <conditions>
                    <condition number="75" type="jump" coverage="50%" />
                  </conditions>
                </line>
                <line number="600" hits="71" branch="False" />
                <line number="602" hits="71" branch="False" />
                <line number="603" hits="71" branch="False" />
                <line number="604" hits="71" branch="False" />
                <line number="605" hits="71" branch="False" />
                <line number="606" hits="71" branch="False" />
                <line number="608" hits="284" branch="True" condition-coverage="100% (2/2)">
                  <conditions>
                    <condition number="164" type="jump" coverage="100%" />
                  </conditions>
                </line>
                <line number="609" hits="71" branch="True" condition-coverage="100% (2/2)">
                  <conditions>
                    <condition number="207" type="jump" coverage="100%" />
                  </conditions>
                </line>
                <line number="613" hits="71" branch="False" />
                <line number="614" hits="71" branch="False" />
                <line number="615" hits="0" branch="False" />
                <line number="618" hits="0" branch="False" />
                <line number="622" hits="71" branch="True" condition-coverage="50% (1/2)">
                  <conditions>
                    <condition number="248" type="jump" coverage="50%" />
                  </conditions>
                </line>
                <line number="626" hits="71" branch="True" condition-coverage="100% (2/2)">
                  <conditions>
                    <condition number="256" type="jump" coverage="100%" />
                  </conditions>
                </line>
                <line number="627" hits="45" branch="False" />
                <line number="628" hits="71" branch="False" />
                <line number="629" hits="0" branch="False" />
                <line number="631" hits="0" branch="False" />
                <line number="632" hits="0" branch="False" />
                <line number="634" hits="71" branch="False" />
                <line number="635" hits="71" branch="False" />
                <line number="638" hits="71" branch="False" />
                <line number="639" hits="71" branch="False" />
              </lines>
            </method>
            <method name="InvokeRawBytesReceived" signature="(System.ReadOnlyMemory`1&lt;System.Byte&gt;)" line-rate="1" branch-rate="1" complexity="2">
              <lines>
                <line number="809" hits="35" branch="True" condition-coverage="100% (2/2)">
                  <conditions>
                    <condition number="7" type="jump" coverage="100%" />
                  </conditions>
                </line>
                <line number="810" hits="34" branch="False" />
                <line number="811" hits="1" branch="False" />
                <line number="814" hits="1" branch="False" />
                <line number="815" hits="1" branch="False" />
                <line number="816" hits="35" branch="False" />
              </lines>
            </method>
            <method name="InvokeRawBytesSent" signature="(System.ReadOnlyMemory`1&lt;System.Byte&gt;)" line-rate="0.5" branch-rate="0.5" complexity="2">
              <lines>
                <line number="822" hits="10" branch="True" condition-coverage="50% (1/2)">
                  <conditions>
                    <condition number="7" type="jump" coverage="50%" />
                  </conditions>
                </line>
                <line number="823" hits="10" branch="False" />
                <line number="824" hits="0" branch="False" />
                <line number="826" hits="0" branch="False" />
                <line number="827" hits="0" branch="False" />
                <line number="828" hits="10" branch="False" />
              </lines>
            </method>
            <method name="RaiseFrameError" signature="(StreamFrame.FrameErrorEventArgs)" line-rate="0.5" branch-rate="0.5" complexity="2">
              <lines>
                <line number="834" hits="9" branch="True" condition-coverage="50% (1/2)">
                  <conditions>
                    <condition number="7" type="jump" coverage="50%" />
                  </conditions>
                </line>
                <line number="835" hits="9" branch="False" />
                <line number="836" hits="0" branch="False" />
                <line number="838" hits="0" branch="False" />
                <line number="839" hits="0" branch="False" />
                <line number="840" hits="9" branch="False" />
              </lines>
            </method>
            <method name="SendAsync" signature="(TMessage,System.Threading.CancellationToken)" line-rate="1" branch-rate="1" complexity="1">
              <lines>
                <line number="845" hits="4" branch="False" />
                <line number="846" hits="4" branch="False" />
              </lines>
            </method>
            <method name="NewSessionExpired" signature="(System.Int64)" line-rate="1" branch-rate="1" complexity="1">
              <lines>
                <line number="907" hits="1" branch="False" />
              </lines>
            </method>
            <method name="ObserveLater" signature="(System.Threading.Tasks.Task)" line-rate="1" branch-rate="0.5" complexity="2">
              <lines>
                <line number="911" hits="2" branch="True" condition-coverage="50% (1/2)">
                  <conditions>
                    <condition number="7" type="jump" coverage="50%" />
                  </conditions>
                </line>
              </lines>
            </method>
            <method name="WaitForConnectedAsync" signature="(System.Threading.CancellationToken)" line-rate="1" branch-rate="1" complexity="4">
              <lines>
                <line number="974" hits="12" branch="True" condition-coverage="100% (2/2)">
                  <conditions>
                    <condition number="7" type="jump" coverage="100%" />
                  </conditions>
                </line>
                <line number="975" hits="5" branch="False" />
                <line number="977" hits="7" branch="False" />
                <line number="978" hits="7" branch="True" condition-coverage="100% (2/2)">
                  <conditions>
                    <condition number="29" type="jump" coverage="100%" />
                  </conditions>
                </line>
                <line number="979" hits="7" branch="False" />
                <line number="980" hits="7" branch="False" />
              </lines>
            </method>
            <method name="GetOrCreateWhenConnected" signature="()" line-rate="0.8332999999999999" branch-rate="0.75" complexity="4">
              <lines>
                <line number="988" hits="7" branch="False" />
                <line number="989" hits="7" branch="True" condition-coverage="50% (1/2)">
                  <conditions>
                    <condition number="13" type="jump" coverage="50%" />
                  </conditions>
                </line>
                <line number="990" hits="0" branch="False" />
                <line number="992" hits="7" branch="False" />
                <line number="993" hits="7" branch="True" condition-coverage="100% (2/2)">
                  <conditions>
                    <condition number="38" type="jump" coverage="100%" />
                  </conditions>
                </line>
                <line number="994" hits="7" branch="False" />
              </lines>
            </method>
            <method name="DisposeAsync" signature="()" line-rate="1" branch-rate="1" complexity="1">
              <lines>
                <line number="1025" hits="52" branch="False" />
                <line number="1026" hits="52" branch="False" />
              </lines>
            </method>
            <method name="Shutdown" signature="()" line-rate="0.7333" branch-rate="0.6428" complexity="14">
              <lines>
                <line number="1036" hits="53" branch="True" condition-coverage="100% (2/2)">
                  <conditions>
                    <condition number="12" type="jump" coverage="100%" />
                  </conditions>
                </line>
                <line number="1037" hits="4" branch="False" />
                <line number="1042" hits="49" branch="False" />
                <line number="1043" hits="49" branch="False" />
                <line number="1046" hits="49" branch="False" />
                <line number="1047" hits="49" branch="False" />
                <line number="1048" hits="49" branch="False" />
                <line number="1051" hits="49" branch="True" condition-coverage="100% (2/2)">
                  <conditions>
                    <condition number="62" type="jump" coverage="100%" />
                  </conditions>
                </line>
                <line number="1053" hits="49" branch="False" />
                <line number="1054" hits="49" branch="True" condition-coverage="50% (1/2)">
                  <conditions>
                    <condition number="91" type="jump" coverage="50%" />
                  </conditions>
                </line>
                <line number="1055" hits="49" branch="False" />
                <line number="1056" hits="49" branch="False" />
                <line number="1058" hits="49" branch="False" />
                <line number="1061" hits="49" branch="False" />
                <line number="1063" hits="49" branch="True" condition-coverage="50% (1/2)">
                  <conditions>
                    <condition number="157" type="jump" coverage="50%" />
                  </conditions>
                </line>
                <line number="1067" hits="0" branch="True" condition-coverage="0% (0/2)">
                  <conditions>
                    <condition number="165" type="jump" coverage="0%" />
                  </conditions>
                </line>
                <line number="1068" hits="0" branch="False" />
                <line number="1069" hits="0" branch="False" />
                <line number="1070" hits="0" branch="False" />
                <line number="1072" hits="0" branch="False" />
                <line number="1073" hits="0" branch="False" />
                <line number="1074" hits="0" branch="False" />
                <line number="1075" hits="0" branch="False" />
                <line number="1078" hits="49" branch="True" condition-coverage="100% (2/2)">
                  <conditions>
                    <condition number="221" type="jump" coverage="100%" />
                  </conditions>
                </line>
                <line number="1079" hits="49" branch="False" />
                <line number="1081" hits="49" branch="False" />
                <line number="1082" hits="49" branch="False" />
                <line number="1083" hits="49" branch="True" condition-coverage="50% (1/2)">
                  <conditions>
                    <condition number="267" type="jump" coverage="50%" />
                  </conditions>
                </line>
                <line number="1084" hits="49" branch="False" />
                <line number="1085" hits="49" branch="False" />
              </lines>
            </method>
            <method name=".ctor" signature="(StreamFrame.IFramer,StreamFrame.ICodec`1&lt;TMessage&gt;,System.Net.IPAddress,System.Int32,System.Boolean,StreamFrame.StreamConnectionOptions,Microsoft.Extensions.Logging.ILogger)" line-rate="1" branch-rate="0.7142000000000001" complexity="14">
              <lines>
                <line number="79" hits="60" branch="False" />
                <line number="105" hits="60" branch="False" />
                <line number="106" hits="60" branch="False" />
                <line number="107" hits="60" branch="False" />
                <line number="130" hits="60" branch="False" />
                <line number="131" hits="60" branch="False" />
                <line number="132" hits="60" branch="False" />
                <line number="133" hits="60" branch="False" />
                <line number="134" hits="60" branch="False" />
                <line number="135" hits="60" branch="False" />
                <line number="136" hits="60" branch="False" />
                <line number="137" hits="60" branch="False" />
                <line number="139" hits="60" branch="True" condition-coverage="50% (1/2)">
                  <conditions>
                    <condition number="56" type="jump" coverage="50%" />
                  </conditions>
                </line>
                <line number="140" hits="60" branch="True" condition-coverage="50% (1/2)">
                  <conditions>
                    <condition number="78" type="jump" coverage="50%" />
                  </conditions>
                </line>
                <line number="141" hits="60" branch="True" condition-coverage="50% (1/2)">
                  <conditions>
                    <condition number="100" type="jump" coverage="50%" />
                  </conditions>
                </line>
                <line number="142" hits="60" branch="False" />
                <line number="143" hits="60" branch="False" />
                <line number="144" hits="60" branch="True" condition-coverage="100% (2/2)">
                  <conditions>
                    <condition number="139" type="jump" coverage="100%" />
                  </conditions>
                </line>
                <line number="145" hits="60" branch="False" />
                <line number="146" hits="50" branch="True" condition-coverage="50% (1/2)">
                  <conditions>
                    <condition number="167" type="jump" coverage="50%" />
                  </conditions>
                </line>
                <line number="148" hits="50" branch="False" />
                <line number="149" hits="50" branch="False" />
                <line number="150" hits="50" branch="False" />
                <line number="151" hits="50" branch="False" />
                <line number="152" hits="50" branch="False" />
                <line number="153" hits="50" branch="False" />
                <line number="156" hits="50" branch="True" condition-coverage="100% (2/2)">
                  <conditions>
                    <condition number="240" type="jump" coverage="100%" />
                  </conditions>
                </line>
                <line number="158" hits="1" branch="False" />
                <line number="159" hits="1" branch="False" />
                <line number="160" hits="1" branch="False" />
                <line number="161" hits="1" branch="False" />
                <line number="162" hits="1" branch="False" />
                <line number="163" hits="1" branch="False" />
                <line number="164" hits="1" branch="False" />
                <line number="168" hits="49" branch="False" />
                <line number="169" hits="49" branch="False" />
                <line number="170" hits="49" branch="False" />
                <line number="171" hits="49" branch="False" />
                <line number="172" hits="49" branch="False" />
                <line number="173" hits="49" branch="False" />
                <line number="176" hits="50" branch="True" condition-coverage="100% (2/2)">
                  <conditions>
                    <condition number="339" type="jump" coverage="100%" />
                  </conditions>
                </line>
                <line number="177" hits="50" branch="False" />
                <line number="178" hits="50" branch="False" />
                <line number="180" hits="50" branch="False" />
                <line number="181" hits="50" branch="False" />
              </lines>
            </method>
          </methods>
          <lines>
            <line number="40" hits="36" branch="False" />
            <line number="42" hits="10" branch="False" />
            <line number="45" hits="927" branch="False" />
            <line number="47" hits="93" branch="False" />
            <line number="49" hits="150" branch="False" />
            <line number="51" hits="140" branch="False" />
            <line number="56" hits="3" branch="True" condition-coverage="100% (6/6)">
              <conditions>
                <condition number="6" type="jump" coverage="100%" />
                <condition number="15" type="jump" coverage="100%" />
                <condition number="32" type="jump" coverage="100%" />
              </conditions>
            </line>
            <line number="57" hits="3" branch="False" />
            <line number="58" hits="3" branch="False" />
            <line number="61" hits="2" branch="True" condition-coverage="75% (3/4)">
              <conditions>
                <condition number="1" type="jump" coverage="100%" />
                <condition number="9" type="jump" coverage="50%" />
              </conditions>
            </line>
            <line number="62" hits="2" branch="False" />
            <line number="63" hits="2" branch="False" />
            <line number="89" hits="89" branch="False" />
            <line number="185" hits="336" branch="False" />
            <line number="189" hits="139" branch="True" condition-coverage="50% (1/2)">
              <conditions>
                <condition number="6" type="jump" coverage="50%" />
              </conditions>
            </line>
            <line number="190" hits="0" branch="False" />
            <line number="191" hits="139" branch="False" />
            <line number="196" hits="50" branch="False" />
            <line number="199" hits="50" branch="True" condition-coverage="100% (2/2)">
              <conditions>
                <condition number="18" type="jump" coverage="100%" />
              </conditions>
            </line>
            <line number="200" hits="1" branch="False" />
            <line number="203" hits="49" branch="False" />
            <line number="204" hits="49" branch="True" condition-coverage="100% (2/2)">
              <conditions>
                <condition number="64" type="jump" coverage="100%" />
              </conditions>
            </line>
            <line number="205" hits="50" branch="False" />
            <line number="207" hits="49" branch="False" />
            <line number="208" hits="49" branch="False" />
            <line number="212" hits="93" branch="False" />
            <line number="247" hits="81" branch="False" />
            <line number="248" hits="81" branch="False" />
            <line number="249" hits="81" branch="False" />
            <line number="254" hits="81" branch="True" condition-coverage="100% (2/2)">
              <conditions>
                <condition number="11" type="jump" coverage="100%" />
              </conditions>
            </line>
            <line number="332" hits="81" branch="True" condition-coverage="50% (1/2)">
              <conditions>
                <condition number="6" type="jump" coverage="50%" />
              </conditions>
            </line>
            <line number="334" hits="0" branch="False" />
            <line number="335" hits="0" branch="False" />
            <line number="338" hits="81" branch="False" />
            <line number="339" hits="81" branch="False" />
            <line number="340" hits="81" branch="False" />
            <line number="341" hits="80" branch="False" />
            <line number="342" hits="80" branch="False" />
            <line number="347" hits="71" branch="False" />
            <line number="348" hits="71" branch="False" />
            <line number="350" hits="71" branch="True" condition-coverage="50% (1/2)">
              <conditions>
                <condition number="35" type="jump" coverage="50%" />
              </conditions>
            </line>
            <line number="351" hits="71" branch="False" />
            <line number="353" hits="0" branch="False" />
            <line number="372" hits="0" branch="False" />
            <line number="373" hits="0" branch="False" />
            <line number="375" hits="0" branch="False" />
            <line number="381" hits="10" branch="False" />
            <line number="382" hits="10" branch="True" condition-coverage="50% (1/2)">
              <conditions>
                <condition number="12" type="jump" coverage="50%" />
              </conditions>
            </line>
            <line number="383" hits="0" branch="False" />
            <line number="384" hits="10" branch="False" />
            <line number="385" hits="10" branch="False" />
            <line number="393" hits="40" branch="False" />
            <line number="402" hits="58" branch="True" condition-coverage="100% (2/2)">
              <conditions>
                <condition number="26" type="jump" coverage="100%" />
              </conditions>
            </line>
            <line number="403" hits="18" branch="False" />
            <line number="405" hits="40" branch="False" />
            <line number="406" hits="40" branch="False" />
            <line number="407" hits="40" branch="False" />
            <line number="408" hits="40" branch="False" />
            <line number="409" hits="40" branch="False" />
            <line number="410" hits="40" branch="False" />
            <line number="411" hits="0" branch="False" />
            <line number="412" hits="40" branch="False" />
            <line number="413" hits="0" branch="False" />
            <line number="414" hits="0" branch="False" />
            <line number="415" hits="80" branch="False" />
            <line number="416" hits="40" branch="False" />
            <line number="424" hits="260" branch="True" condition-coverage="100% (6/6)">
              <conditions>
                <condition number="2" type="jump" coverage="100%" />
                <condition number="11" type="jump" coverage="100%" />
                <condition number="33" type="jump" coverage="100%" />
              </conditions>
            </line>
            <line number="425" hits="260" branch="False" />
            <line number="426" hits="3" branch="False" />
            <line number="431" hits="257" branch="True" condition-coverage="100% (2/2)">
              <conditions>
                <condition number="38" type="jump" coverage="100%" />
              </conditions>
            </line>
            <line number="433" hits="71" branch="False" />
            <line number="434" hits="71" branch="False" />
            <line number="435" hits="71" branch="False" />
            <line number="437" hits="186" branch="True" condition-coverage="100% (4/4)">
              <conditions>
                <condition number="82" type="jump" coverage="100%" />
                <condition number="91" type="jump" coverage="100%" />
              </conditions>
            </line>
            <line number="439" hits="96" branch="False" />
            <line number="440" hits="96" branch="True" condition-coverage="100% (2/2)">
              <conditions>
                <condition number="108" type="jump" coverage="100%" />
              </conditions>
            </line>
            <line number="441" hits="47" branch="False" />
            <line number="444" hits="257" branch="False" />
            <line number="448" hits="257" branch="True" condition-coverage="100% (2/2)">
              <conditions>
                <condition number="135" type="jump" coverage="100%" />
              </conditions>
            </line>
            <line number="449" hits="257" branch="False" />
            <line number="450" hits="0" branch="False" />
            <line number="453" hits="0" branch="False" />
            <line number="454" hits="0" branch="False" />
            <line number="456" hits="257" branch="True" condition-coverage="100% (2/2)">
              <conditions>
                <condition number="176" type="jump" coverage="100%" />
              </conditions>
            </line>
            <line number="459" hits="71" branch="True" condition-coverage="100% (6/6)">
              <conditions>
                <condition number="191" type="jump" coverage="100%" />
                <condition number="205" type="jump" coverage="100%" />
                <condition number="209" type="jump" coverage="100%" />
              </conditions>
            </line>
            <line number="465" hits="71" branch="False" />
            <line number="466" hits="71" branch="False" />
            <line number="469" hits="47" branch="True" condition-coverage="100% (2/2)">
              <conditions>
                <condition number="247" type="jump" coverage="100%" />
              </conditions>
            </line>
            <line number="470" hits="3" branch="False" />
            <line number="472" hits="44" branch="True" condition-coverage="50% (1/2)">
              <conditions>
                <condition number="263" type="jump" coverage="50%" />
              </conditions>
            </line>
            <line number="473" hits="0" branch="False" />
            <line number="477" hits="44" branch="False" />
            <line number="479" hits="44" branch="True" condition-coverage="75% (3/4)">
              <conditions>
                <condition number="293" type="jump" coverage="100%" />
                <condition number="317" type="jump" coverage="50%" />
              </conditions>
            </line>
            <line number="480" hits="0" branch="False" />
            <line number="482" hits="44" branch="False" />
            <line number="483" hits="44" branch="False" />
            <line number="484" hits="44" branch="False" />
            <line number="485" hits="44" branch="False" />
            <line number="487" hits="44" branch="False" />
            <line number="488" hits="44" branch="False" />
            <line number="491" hits="44" branch="False" />
            <line number="492" hits="44" branch="False" />
            <line number="496" hits="44" branch="False" />
            <line number="500" hits="71" branch="False" />
            <line number="502" hits="71" branch="False" />
            <line number="507" hits="71" branch="True" condition-coverage="50% (1/2)">
              <conditions>
                <condition number="24" type="jump" coverage="50%" />
              </conditions>
            </line>
            <line number="509" hits="0" branch="False" />
            <line number="510" hits="0" branch="False" />
            <line number="511" hits="0" branch="False" />
            <line number="514" hits="71" branch="False" />
            <line number="515" hits="71" branch="False" />
            <line number="516" hits="71" branch="False" />
            <line number="518" hits="71" branch="False" />
            <line number="519" hits="71" branch="False" />
            <line number="520" hits="71" branch="False" />
            <line number="522" hits="71" branch="True" condition-coverage="100% (2/2)">
              <conditions>
                <condition number="122" type="jump" coverage="100%" />
              </conditions>
            </line>
            <line number="523" hits="71" branch="False" />
            <line number="524" hits="71" branch="False" />
            <line number="526" hits="71" branch="False" />
            <line number="527" hits="71" branch="False" />
            <line number="528" hits="71" branch="False" />
            <line number="529" hits="71" branch="False" />
            <line number="531" hits="71" branch="False" />
            <line number="532" hits="71" branch="False" />
[...]
                <line number="42" hits="129" branch="False" />
              </lines>
            </method>
            <method name="get_DecodeErrorPolicy" signature="()" line-rate="1" branch-rate="1" complexity="1">
              <lines>
                <line number="49" hits="72" branch="False" />
              </lines>
            </method>
            <method name="get_MaxIncompleteFrameBufferBytes" signature="()" line-rate="1" branch-rate="1" complexity="1">
              <lines>
                <line number="57" hits="128" branch="False" />
              </lines>
            </method>
            <method name="get_TcpKeepAlive" signature="()" line-rate="1" branch-rate="1" complexity="1">
              <lines>
                <line number="64" hits="176" branch="False" />
              </lines>
            </method>
            <method name="get_KeepAliveTimeMs" signature="()" line-rate="1" branch-rate="1" complexity="1">
              <lines>
                <line number="67" hits="64" branch="False" />
              </lines>
            </method>
            <method name="get_KeepAliveIntervalMs" signature="()" line-rate="1" branch-rate="1" complexity="1">
              <lines>
                <line number="70" hits="63" branch="False" />
              </lines>
            </method>
            <method name="get_ReceiveQueueCapacity" signature="()" line-rate="1" branch-rate="1" complexity="1">
              <lines>
                <line number="77" hits="109" branch="False" />
              </lines>
            </method>
            <method name="get_ReceiveIdleTimeoutMs" signature="()" line-rate="1" branch-rate="1" complexity="1">
              <lines>
                <line number="84" hits="165" branch="False" />
              </lines>
            </method>
            <method name="get_IncompleteFrameTimeoutMs" signature="()" line-rate="1" branch-rate="1" complexity="1">
              <lines>
                <line number="100" hits="134" branch="False" />
              </lines>
            </method>
            <method name="Validate" signature="()" line-rate="0.92" branch-rate="0.9285" complexity="28">
              <lines>
                <line number="109" hits="60" branch="True" condition-coverage="100% (2/2)">
                  <conditions>
                    <condition number="7" type="jump" coverage="100%" />
                  </conditions>
                </line>
                <line number="110" hits="1" branch="False" />
                <line number="111" hits="59" branch="True" condition-coverage="100% (2/2)">
                  <conditions>
                    <condition number="43" type="jump" coverage="100%" />
                  </conditions>
                </line>
                <line number="112" hits="1" branch="False" />
                <line number="113" hits="58" branch="True" condition-coverage="50% (1/2)">
                  <conditions>
                    <condition number="79" type="jump" coverage="50%" />
                  </conditions>
                </line>
                <line number="114" hits="0" branch="False" />
                <line number="115" hits="58" branch="True" condition-coverage="100% (2/2)">
                  <conditions>
                    <condition number="115" type="jump" coverage="100%" />
                  </conditions>
                </line>
                <line number="116" hits="1" branch="False" />
                <line number="117" hits="57" branch="True" condition-coverage="100% (2/2)">
                  <conditions>
                    <condition number="151" type="jump" coverage="100%" />
                  </conditions>
                </line>
                <line number="118" hits="1" branch="False" />
                <line number="119" hits="56" branch="True" condition-coverage="100% (2/2)">
                  <conditions>
                    <condition number="187" type="jump" coverage="100%" />
                  </conditions>
                </line>
                <line number="120" hits="1" branch="False" />
                <line number="121" hits="55" branch="True" condition-coverage="50% (1/2)">
                  <conditions>
                    <condition number="223" type="jump" coverage="50%" />
                  </conditions>
                </line>
                <line number="122" hits="0" branch="False" />
                <line number="123" hits="55" branch="True" condition-coverage="100% (2/2)">
                  <conditions>
                    <condition number="259" type="jump" coverage="100%" />
                  </conditions>
                </line>
                <line number="124" hits="1" branch="False" />
                <line number="125" hits="54" branch="True" condition-coverage="100% (2/2)">
                  <conditions>
                    <condition number="295" type="jump" coverage="100%" />
                  </conditions>
                </line>
                <line number="126" hits="1" branch="False" />
                <line number="127" hits="53" branch="True" condition-coverage="100% (2/2)">
                  <conditions>
                    <condition number="331" type="jump" coverage="100%" />
                  </conditions>
                </line>
                <line number="128" hits="1" branch="False" />
                <line number="129" hits="52" branch="True" condition-coverage="100% (4/4)">
                  <conditions>
                    <condition number="366" type="jump" coverage="100%" />
                    <condition number="375" type="jump" coverage="100%" />
                  </conditions>
                </line>
                <line number="130" hits="1" branch="False" />
                <line number="131" hits="51" branch="True" condition-coverage="100% (4/4)">
                  <conditions>
                    <condition number="410" type="jump" coverage="100%" />
                    <condition number="419" type="jump" coverage="100%" />
                  </conditions>
                </line>
                <line number="132" hits="1" branch="False" />
                <line number="133" hits="50" branch="False" />
              </lines>
            </method>
          </methods>
          <lines>
            <line number="10" hits="147" branch="False" />
            <line number="13" hits="162" branch="False" />
            <line number="20" hits="109" branch="False" />
            <line number="23" hits="297" branch="False" />
            <line number="26" hits="170" branch="False" />
            <line number="29" hits="142" branch="False" />
            <line number="35" hits="84" branch="False" />
            <line number="42" hits="129" branch="False" />
            <line number="49" hits="72" branch="False" />
            <line number="57" hits="128" branch="False" />
            <line number="64" hits="176" branch="False" />
            <line number="67" hits="64" branch="False" />
            <line number="70" hits="63" branch="False" />
            <line number="77" hits="109" branch="False" />
            <line number="84" hits="165" branch="False" />
            <line number="100" hits="134" branch="False" />
            <line number="109" hits="60" branch="True" condition-coverage="100% (2/2)">
              <conditions>
                <condition number="7" type="jump" coverage="100%" />
              </conditions>
            </line>
            <line number="110" hits="1" branch="False" />
            <line number="111" hits="59" branch="True" condition-coverage="100% (2/2)">
              <conditions>
                <condition number="43" type="jump" coverage="100%" />
              </conditions>
            </line>
            <line number="112" hits="1" branch="False" />
            <line number="113" hits="58" branch="True" condition-coverage="50% (1/2)">
              <conditions>
                <condition number="79" type="jump" coverage="50%" />
              </conditions>
            </line>
            <line number="114" hits="0" branch="False" />
            <line number="115" hits="58" branch="True" condition-coverage="100% (2/2)">
              <conditions>
                <condition number="115" type="jump" coverage="100%" />
              </conditions>
            </line>
            <line number="116" hits="1" branch="False" />
            <line number="117" hits="57" branch="True" condition-coverage="100% (2/2)">
              <conditions>
                <condition number="151" type="jump" coverage="100%" />
              </conditions>
            </line>
            <line number="118" hits="1" branch="False" />
            <line number="119" hits="56" branch="True" condition-coverage="100% (2/2)">
              <conditions>
                <condition number="187" type="jump" coverage="100%" />
              </conditions>
            </line>
            <line number="120" hits="1" branch="False" />
            <line number="121" hits="55" branch="True" condition-coverage="50% (1/2)">
              <conditions>
                <condition number="223" type="jump" coverage="50%" />
              </conditions>
            </line>
            <line number="122" hits="0" branch="False" />
            <line number="123" hits="55" branch="True" condition-coverage="100% (2/2)">
              <conditions>
                <condition number="259" type="jump" coverage="100%" />
              </conditions>
            </line>
            <line number="124" hits="1" branch="False" />
            <line number="125" hits="54" branch="True" condition-coverage="100% (2/2)">
              <conditions>
                <condition number="295" type="jump" coverage="100%" />
              </conditions>
            </line>
            <line number="126" hits="1" branch="False" />
            <line number="127" hits="53" branch="True" condition-coverage="100% (2/2)">
              <conditions>
                <condition number="331" type="jump" coverage="100%" />
              </conditions>
            </line>
            <line number="128" hits="1" branch="False" />
            <line number="129" hits="52" branch="True" condition-coverage="100% (4/4)">
              <conditions>
                <condition number="366" type="jump" coverage="100%" />
                <condition number="375" type="jump" coverage="100%" />
              </conditions>
            </line>
            <line number="130" hits="1" branch="False" />
            <line number="131" hits="51" branch="True" condition-coverage="100% (4/4)">
              <conditions>
                <condition number="410" type="jump" coverage="100%" />
                <condition number="419" type="jump" coverage="100%" />
              </conditions>
            </line>
            <line number="132" hits="1" branch="False" />
            <line number="133" hits="50" branch="False" />
          </lines>
        </class>
      </classes>
    </package>
    <package name="StreamFrame.Protocols.Xml" line-rate="0.75" branch-rate="0.75" complexity="17">
      <classes>
        <class name="StreamFrame.Protocols.Xml.SequenceToStream" filename="StreamFrame.Protocols.Xml/SequenceToStream.cs" line-rate="0.5263" branch-rate="1" complexity="13">
          <methods>
            <method name="get_CanRead" signature="()" line-rate="0" branch-rate="1" complexity="1">
              <lines>
                <line number="15" hits="0" branch="False" />
              </lines>
            </method>
            <method name="get_CanSeek" signature="()" line-rate="1" branch-rate="1" complexity="1">
              <lines>
                <line number="16" hits="3" branch="False" />
              </lines>
            </method>
            <method name="get_CanWrite" signature="()" line-rate="0" branch-rate="1" complexity="1">
              <lines>
                <line number="17" hits="0" branch="False" />
              </lines>
            </method>
            <method name="get_Length" signature="()" line-rate="0" branch-rate="1" complexity="1">
              <lines>
                <line number="18" hits="0" branch="False" />
              </lines>
            </method>
            <method name="get_Position" signature="()" line-rate="0" branch-rate="1" complexity="1">
              <lines>
                <line number="21" hits="0" branch="False" />
              </lines>
            </method>
            <method name="set_Position" signature="(System.Int64)" line-rate="0" branch-rate="1" complexity="1">
              <lines>
                <line number="22" hits="0" branch="False" />
              </lines>
            </method>
            <method name="Read" signature="(System.Byte[],System.Int32,System.Int32)" line-rate="1" branch-rate="1" complexity="2">
              <lines>
                <line number="27" hits="4" branch="False" />
                <line number="28" hits="4" branch="True" condition-coverage="100% (2/2)">
                  <conditions>
                    <condition number="14" type="jump" coverage="100%" />
                  </conditions>
                </line>
                <line number="29" hits="2" branch="False" />
                <line number="31" hits="2" branch="False" />
                <line number="32" hits="2" branch="False" />
                <line number="33" hits="2" branch="False" />
                <line number="34" hits="2" branch="False" />
              </lines>
            </method>
            <method name="Flush" signature="()" line-rate="0" branch-rate="1" complexity="1">
              <lines>
                <line number="37" hits="0" branch="False" />
              </lines>
            </method>
            <method name="Seek" signature="(System.Int64,System.IO.SeekOrigin)" line-rate="0" branch-rate="1" complexity="1">
              <lines>
                <line number="40" hits="0" branch="False" />
              </lines>
            </method>
            <method name="SetLength" signature="(System.Int64)" line-rate="0" branch-rate="1" complexity="1">
              <lines>
                <line number="43" hits="0" branch="False" />
              </lines>
            </method>
            <method name="Write" signature="(System.Byte[],System.Int32,System.Int32)" line-rate="0" branch-rate="1" complexity="1">
              <lines>
                <line number="46" hits="0" branch="False" />
              </lines>
            </method>
            <method name=".ctor" signature="(System.Buffers.ReadOnlySequence`1&lt;System.Byte&gt;&amp;)" line-rate="1" branch-rate="1" complexity="1">
              <lines>
                <line number="12" hits="3" branch="False" />
                <line number="13" hits="3" branch="False" />
              </lines>
            </method>
          </methods>
          <lines>
            <line number="15" hits="0" branch="False" />
            <line number="16" hits="3" branch="False" />
            <line number="17" hits="0" branch="False" />
            <line number="18" hits="0" branch="False" />
            <line number="21" hits="0" branch="False" />
            <line number="22" hits="0" branch="False" />
            <line number="27" hits="4" branch="False" />
            <line number="28" hits="4" branch="True" condition-coverage="100% (2/2)">
              <conditions>
                <condition number="14" type="jump" coverage="100%" />
              </conditions>
            </line>
            <line number="29" hits="2" branch="False" />
            <line number="31" hits="2" branch="False" />
            <line number="32" hits="2" branch="False" />
            <line number="33" hits="2" branch="False" />
            <line number="34" hits="2" branch="False" />
            <line number="37" hits="0" branch="False" />
            <line number="40" hits="0" branch="False" />
            <line number="43" hits="0" branch="False" />
            <line number="46" hits="0" branch="False" />
            <line number="12" hits="3" branch="False" />
            <line number="13" hits="3" branch="False" />
          </lines>
        </class>
        <class name="StreamFrame.Protocols.Xml.XmlDocumentCodec" filename="StreamFrame.Protocols.Xml/XmlDocumentCodec.cs" line-rate="0.9523" branch-rate="0.5" complexity="4">
          <methods>
            <method name="get_MaxDocumentBytes" signature="()" line-rate="1" branch-rate="1" complexity="1">
              <lines>
                <line number="16" hits="6" branch="False" />
              </lines>
            </method>
            <method name="Decode" signature="(System.Buffers.ReadOnlySequence`1&lt;System.Byte&gt;&amp;,System.Threading.CancellationToken)" line-rate="0.909" branch-rate="0.5" complexity="2">
              <lines>
                <line number="21" hits="3" branch="True" condition-coverage="50% (1/2)">
                  <conditions>
                    <condition number="13" type="jump" coverage="50%" />
                  </conditions>
                </line>
                <line number="22" hits="0" branch="False" />
                <line number="24" hits="3" branch="False" />
                <line number="26" hits="3" branch="False" />
                <line number="27" hits="3" branch="False" />
                <line number="28" hits="3" branch="False" />
                <line number="29" hits="3" branch="False" />
                <line number="30" hits="3" branch="False" />
                <line number="31" hits="3" branch="False" />
                <line number="32" hits="3" branch="False" />
                <line number="33" hits="1" branch="False" />
              </lines>
            </method>
            <method name="Encode" signature="(System.Xml.Linq.XDocument,System.Buffers.IBufferWriter`1&lt;System.Byte&gt;,System.Threading.CancellationToken)" line-rate="1" branch-rate="1" complexity="1">
              <lines>
                <line number="38" hits="1" branch="False" />
                <line number="40" hits="1" branch="False" />
                <line number="41" hits="1" branch="False" />
                <line number="42" hits="1" branch="False" />
                <line number="43" hits="1" branch="False" />
                <line number="44" hits="1" branch="False" />
                <line number="45" hits="1" branch="False" />
                <line number="46" hits="1" branch="False" />
                <line number="47" hits="2" branch="False" />
              </lines>
            </method>
          </methods>
          <lines>
            <line number="16" hits="6" branch="False" />
            <line number="21" hits="3" branch="True" condition-coverage="50% (1/2)">
              <conditions>
                <condition number="13" type="jump" coverage="50%" />
              </conditions>
            </line>
            <line number="22" hits="0" branch="False" />
            <line number="24" hits="3" branch="False" />
            <line number="26" hits="3" branch="False" />
            <line number="27" hits="3" branch="False" />
            <line number="28" hits="3" branch="False" />
            <line number="29" hits="3" branch="False" />
            <line number="30" hits="3" branch="False" />
            <line number="31" hits="3" branch="False" />
            <line number="32" hits="3" branch="False" />
            <line number="33" hits="1" branch="False" />
            <line number="38" hits="1" branch="False" />
            <line number="40" hits="1" branch="False" />
            <line number="41" hits="1" branch="False" />
            <line number="42" hits="1" branch="False" />
            <line number="43" hits="1" branch="False" />
            <line number="44" hits="1" branch="False" />
            <line number="45" hits="1" branch="False" />
            <line number="46" hits="1" branch="False" />
            <line number="47" hits="2" branch="False" />
          </lines>
        </class>
      </classes>
    </package>
  </packages>
</coverage>